2020-08-12 20:38:15,796 INFO org.springframework.boot.StartupInfoLogger [restartedMain] Starting CourseApplication on DESKTOP-3UPQ2KB with PID 13320 (C:\Users\matia\Desktop\new\jr_course\target\classes started by matia in C:\Users\matia\Desktop\new\jr_course)
2020-08-12 20:38:15,806 INFO org.springframework.boot.SpringApplication [restartedMain] No active profile set, falling back to default profiles: default
2020-08-12 20:38:15,869 INFO org.springframework.boot.logging.DeferredLog [restartedMain] Devtools property defaults active! Set 'spring.devtools.add-properties' to 'false' to disable
2020-08-12 20:38:15,870 INFO org.springframework.boot.logging.DeferredLog [restartedMain] For additional web related logging consider setting the 'logging.level.web' property to 'DEBUG'
2020-08-12 20:38:16,838 INFO org.springframework.data.repository.config.RepositoryConfigurationDelegate [restartedMain] Bootstrapping Spring Data JPA repositories in DEFERRED mode.
2020-08-12 20:38:16,936 INFO org.springframework.data.repository.config.RepositoryConfigurationDelegate [restartedMain] Finished Spring Data repository scanning in 86ms. Found 2 JPA repository interfaces.
2020-08-12 20:38:17,596 INFO org.springframework.boot.web.embedded.tomcat.TomcatWebServer [restartedMain] Tomcat initialized with port(s): 8080 (http)
2020-08-12 20:38:17,609 INFO org.apache.juli.logging.DirectJDKLog [restartedMain] Initializing ProtocolHandler ["http-nio-8080"]
2020-08-12 20:38:17,610 INFO org.apache.juli.logging.DirectJDKLog [restartedMain] Starting service [Tomcat]
2020-08-12 20:38:17,610 INFO org.apache.juli.logging.DirectJDKLog [restartedMain] Starting Servlet engine: [Apache Tomcat/9.0.36]
2020-08-12 20:38:17,724 INFO org.apache.juli.logging.DirectJDKLog [restartedMain] Initializing Spring embedded WebApplicationContext
2020-08-12 20:38:17,726 INFO org.springframework.boot.web.servlet.context.ServletWebServerApplicationContext [restartedMain] Root WebApplicationContext: initialization completed in 1856 ms
2020-08-12 20:38:17,921 INFO org.springframework.scheduling.concurrent.ExecutorConfigurationSupport [restartedMain] Initializing ExecutorService 'applicationTaskExecutor'
2020-08-12 20:38:17,934 INFO com.zaxxer.hikari.HikariDataSource [restartedMain] HikariPool-1 - Starting...
2020-08-12 20:38:18,214 INFO com.zaxxer.hikari.HikariDataSource [restartedMain] HikariPool-1 - Start completed.
2020-08-12 20:38:18,264 INFO org.hibernate.jpa.internal.util.LogHelper [task-1] HHH000204: Processing PersistenceUnitInfo [name: default]
2020-08-12 20:38:18,299 WARN org.springframework.boot.autoconfigure.orm.jpa.JpaBaseConfiguration$JpaWebConfiguration [restartedMain] spring.jpa.open-in-view is enabled by default. Therefore, database queries may be performed during view rendering. Explicitly configure spring.jpa.open-in-view to disable this warning
2020-08-12 20:38:18,325 INFO org.hibernate.Version [task-1] HHH000412: Hibernate ORM core version 5.4.17.Final
2020-08-12 20:38:18,508 INFO org.hibernate.annotations.common.reflection.java.JavaReflectionManager [task-1] HCANN000001: Hibernate Commons Annotations {5.1.0.Final}
2020-08-12 20:38:18,580 INFO org.springframework.boot.autoconfigure.web.servlet.WelcomePageHandlerMapping [restartedMain] Adding welcome page: class path resource [static/index.html]
2020-08-12 20:38:18,688 INFO org.hibernate.dialect.Dialect [task-1] HHH000400: Using dialect: org.hibernate.dialect.MySQL8Dialect
2020-08-12 20:38:18,774 INFO org.springframework.boot.devtools.autoconfigure.OptionalLiveReloadServer [restartedMain] LiveReload server is running on port 35729
2020-08-12 20:38:18,796 INFO org.apache.juli.logging.DirectJDKLog [restartedMain] Starting ProtocolHandler ["http-nio-8080"]
2020-08-12 20:38:18,827 INFO org.springframework.boot.web.embedded.tomcat.TomcatWebServer [restartedMain] Tomcat started on port(s): 8080 (http) with context path ''
2020-08-12 20:38:18,829 INFO org.springframework.data.repository.config.DeferredRepositoryInitializationListener [restartedMain] Triggering deferred initialization of Spring Data repositories…
2020-08-12 20:38:19,352 INFO org.hibernate.engine.transaction.jta.platform.internal.JtaPlatformInitiator [task-1] HHH000490: Using JtaPlatform implementation: [org.hibernate.engine.transaction.jta.platform.internal.NoJtaPlatform]
2020-08-12 20:38:19,355 INFO org.springframework.orm.jpa.AbstractEntityManagerFactoryBean [task-1] Initialized JPA EntityManagerFactory for persistence unit 'default'
2020-08-12 20:38:19,727 INFO org.springframework.data.repository.config.DeferredRepositoryInitializationListener [restartedMain] Spring Data repositories initialized!
2020-08-12 20:38:19,734 INFO org.springframework.boot.StartupInfoLogger [restartedMain] Started CourseApplication in 4.868 seconds (JVM running for 6.706)
2020-08-12 20:38:42,561 INFO org.apache.juli.logging.DirectJDKLog [http-nio-8080-exec-1] Initializing Spring DispatcherServlet 'dispatcherServlet'
2020-08-12 20:38:42,562 INFO org.springframework.web.servlet.FrameworkServlet [http-nio-8080-exec-1] Initializing Servlet 'dispatcherServlet'
2020-08-12 20:38:42,581 INFO org.springframework.web.servlet.FrameworkServlet [http-nio-8080-exec-1] Completed initialization in 19 ms
2020-08-12 20:38:43,368 INFO alex.ork.springboot.course.controller.WordController [http-nio-8080-exec-3] "/words/"
2020-08-12 20:38:43,369 INFO alex.ork.springboot.course.service.WordServiceImpl [http-nio-8080-exec-3] Find all words in DB ("wordRepository.findAll()")
2020-08-12 20:38:43,695 INFO alex.ork.springboot.course.controller.WordController [http-nio-8080-exec-3] Ready to return "vocabulary/words"
2020-08-12 20:38:46,975 INFO alex.ork.springboot.course.controller.GrammarController [http-nio-8080-exec-5] "/grammar/"
2020-08-12 20:38:46,978 INFO alex.ork.springboot.course.controller.GrammarController [http-nio-8080-exec-5] Ready to return "/grammar/grammar"
2020-08-12 20:39:04,601 INFO alex.ork.springboot.course.controller.WordController [http-nio-8080-exec-8] "/words/"
2020-08-12 20:39:04,603 INFO alex.ork.springboot.course.service.WordServiceImpl [http-nio-8080-exec-8] Find all words in DB ("wordRepository.findAll()")
2020-08-12 20:39:04,619 INFO alex.ork.springboot.course.controller.WordController [http-nio-8080-exec-8] Ready to return "vocabulary/words"
2020-08-12 20:39:05,695 INFO alex.ork.springboot.course.controller.GrammarController [http-nio-8080-exec-10] "/grammar/"
2020-08-12 20:39:05,697 INFO alex.ork.springboot.course.controller.GrammarController [http-nio-8080-exec-10] Ready to return "/grammar/grammar"
2020-08-12 20:39:06,738 INFO alex.ork.springboot.course.controller.GrammarController [http-nio-8080-exec-2] "/grammar/"
2020-08-12 20:39:06,740 INFO alex.ork.springboot.course.controller.GrammarController [http-nio-8080-exec-2] Ready to return "/grammar/grammar"
2020-08-12 20:39:08,990 INFO alex.ork.springboot.course.controller.GrammarController [http-nio-8080-exec-4] "/grammar/"
2020-08-12 20:39:08,992 INFO alex.ork.springboot.course.controller.GrammarController [http-nio-8080-exec-4] Ready to return "/grammar/grammar"
2020-08-12 20:39:10,224 INFO alex.ork.springboot.course.controller.WordController [http-nio-8080-exec-6] "/words/"
2020-08-12 20:39:10,225 INFO alex.ork.springboot.course.service.WordServiceImpl [http-nio-8080-exec-6] Find all words in DB ("wordRepository.findAll()")
2020-08-12 20:39:10,246 INFO alex.ork.springboot.course.controller.WordController [http-nio-8080-exec-6] Ready to return "vocabulary/words"
2020-08-12 20:39:11,178 INFO alex.ork.springboot.course.controller.WordController [http-nio-8080-exec-8] "/words/"
2020-08-12 20:39:11,180 INFO alex.ork.springboot.course.service.WordServiceImpl [http-nio-8080-exec-8] Find all words in DB ("wordRepository.findAll()")
2020-08-12 20:39:11,192 INFO alex.ork.springboot.course.controller.WordController [http-nio-8080-exec-8] Ready to return "vocabulary/words"
2020-08-12 20:39:12,380 INFO alex.ork.springboot.course.controller.WordController [http-nio-8080-exec-10] "/words/"
2020-08-12 20:39:12,382 INFO alex.ork.springboot.course.service.WordServiceImpl [http-nio-8080-exec-10] Find all words in DB ("wordRepository.findAll()")
2020-08-12 20:39:12,394 INFO alex.ork.springboot.course.controller.WordController [http-nio-8080-exec-10] Ready to return "vocabulary/words"
2020-08-12 20:44:50,983 INFO alex.ork.springboot.course.controller.WordController [http-nio-8080-exec-4] "/words/"
2020-08-12 20:44:50,984 INFO alex.ork.springboot.course.service.WordServiceImpl [http-nio-8080-exec-4] Find all words in DB ("wordRepository.findAll()")
2020-08-12 20:44:50,995 INFO alex.ork.springboot.course.controller.WordController [http-nio-8080-exec-4] Ready to return "vocabulary/words"
2020-08-12 20:54:30,382 INFO org.springframework.boot.StartupInfoLogger [restartedMain] Starting CourseApplication on DESKTOP-3UPQ2KB with PID 12956 (C:\Users\matia\Desktop\new\jr_course\target\classes started by matia in C:\Users\matia\Desktop\new\jr_course)
2020-08-12 20:54:30,389 INFO org.springframework.boot.SpringApplication [restartedMain] No active profile set, falling back to default profiles: default
2020-08-12 20:54:30,448 INFO org.springframework.boot.logging.DeferredLog [restartedMain] Devtools property defaults active! Set 'spring.devtools.add-properties' to 'false' to disable
2020-08-12 20:54:30,448 INFO org.springframework.boot.logging.DeferredLog [restartedMain] For additional web related logging consider setting the 'logging.level.web' property to 'DEBUG'
2020-08-12 20:54:31,376 INFO org.springframework.data.repository.config.RepositoryConfigurationDelegate [restartedMain] Bootstrapping Spring Data JPA repositories in DEFERRED mode.
2020-08-12 20:54:31,486 INFO org.springframework.data.repository.config.RepositoryConfigurationDelegate [restartedMain] Finished Spring Data repository scanning in 106ms. Found 2 JPA repository interfaces.
2020-08-12 20:54:32,044 INFO org.springframework.boot.web.embedded.tomcat.TomcatWebServer [restartedMain] Tomcat initialized with port(s): 8080 (http)
2020-08-12 20:54:32,051 INFO org.apache.juli.logging.DirectJDKLog [restartedMain] Initializing ProtocolHandler ["http-nio-8080"]
2020-08-12 20:54:32,051 INFO org.apache.juli.logging.DirectJDKLog [restartedMain] Starting service [Tomcat]
2020-08-12 20:54:32,051 INFO org.apache.juli.logging.DirectJDKLog [restartedMain] Starting Servlet engine: [Apache Tomcat/9.0.36]
2020-08-12 20:54:32,221 INFO org.apache.juli.logging.DirectJDKLog [restartedMain] Initializing Spring embedded WebApplicationContext
2020-08-12 20:54:32,224 INFO org.springframework.boot.web.servlet.context.ServletWebServerApplicationContext [restartedMain] Root WebApplicationContext: initialization completed in 1776 ms
2020-08-12 20:54:32,396 INFO org.springframework.scheduling.concurrent.ExecutorConfigurationSupport [restartedMain] Initializing ExecutorService 'applicationTaskExecutor'
2020-08-12 20:54:32,403 INFO com.zaxxer.hikari.HikariDataSource [restartedMain] HikariPool-1 - Starting...
2020-08-12 20:54:32,527 INFO com.zaxxer.hikari.HikariDataSource [restartedMain] HikariPool-1 - Start completed.
2020-08-12 20:54:32,594 INFO org.hibernate.jpa.internal.util.LogHelper [task-1] HHH000204: Processing PersistenceUnitInfo [name: default]
2020-08-12 20:54:32,686 WARN org.springframework.boot.autoconfigure.orm.jpa.JpaBaseConfiguration$JpaWebConfiguration [restartedMain] spring.jpa.open-in-view is enabled by default. Therefore, database queries may be performed during view rendering. Explicitly configure spring.jpa.open-in-view to disable this warning
2020-08-12 20:54:32,692 INFO org.hibernate.Version [task-1] HHH000412: Hibernate ORM core version 5.4.17.Final
2020-08-12 20:54:32,794 INFO org.hibernate.annotations.common.reflection.java.JavaReflectionManager [task-1] HCANN000001: Hibernate Commons Annotations {5.1.0.Final}
2020-08-12 20:54:32,863 INFO org.springframework.boot.autoconfigure.web.servlet.WelcomePageHandlerMapping [restartedMain] Adding welcome page: class path resource [static/index.html]
2020-08-12 20:54:32,900 INFO org.hibernate.dialect.Dialect [task-1] HHH000400: Using dialect: org.hibernate.dialect.MySQL8Dialect
2020-08-12 20:54:33,031 INFO org.springframework.boot.devtools.autoconfigure.OptionalLiveReloadServer [restartedMain] LiveReload server is running on port 35729
2020-08-12 20:54:33,050 INFO org.apache.juli.logging.DirectJDKLog [restartedMain] Starting ProtocolHandler ["http-nio-8080"]
2020-08-12 20:54:33,073 INFO org.springframework.boot.web.embedded.tomcat.TomcatWebServer [restartedMain] Tomcat started on port(s): 8080 (http) with context path ''
2020-08-12 20:54:33,077 INFO org.springframework.data.repository.config.DeferredRepositoryInitializationListener [restartedMain] Triggering deferred initialization of Spring Data repositories…
2020-08-12 20:54:33,408 INFO org.hibernate.engine.transaction.jta.platform.internal.JtaPlatformInitiator [task-1] HHH000490: Using JtaPlatform implementation: [org.hibernate.engine.transaction.jta.platform.internal.NoJtaPlatform]
2020-08-12 20:54:33,411 INFO org.springframework.orm.jpa.AbstractEntityManagerFactoryBean [task-1] Initialized JPA EntityManagerFactory for persistence unit 'default'
2020-08-12 20:54:33,767 INFO org.springframework.data.repository.config.DeferredRepositoryInitializationListener [restartedMain] Spring Data repositories initialized!
2020-08-12 20:54:33,775 INFO org.springframework.boot.StartupInfoLogger [restartedMain] Started CourseApplication in 3.973 seconds (JVM running for 5.615)
2020-08-12 21:02:13,495 INFO org.springframework.boot.StartupInfoLogger [restartedMain] Starting CourseApplication on DESKTOP-3UPQ2KB with PID 11176 (C:\Users\matia\Desktop\new\jr_course\target\classes started by matia in C:\Users\matia\Desktop\new\jr_course)
2020-08-12 21:02:13,501 INFO org.springframework.boot.SpringApplication [restartedMain] No active profile set, falling back to default profiles: default
2020-08-12 21:02:13,555 INFO org.springframework.boot.logging.DeferredLog [restartedMain] Devtools property defaults active! Set 'spring.devtools.add-properties' to 'false' to disable
2020-08-12 21:02:13,555 INFO org.springframework.boot.logging.DeferredLog [restartedMain] For additional web related logging consider setting the 'logging.level.web' property to 'DEBUG'
2020-08-12 21:02:14,310 INFO org.springframework.data.repository.config.RepositoryConfigurationDelegate [restartedMain] Bootstrapping Spring Data JPA repositories in DEFERRED mode.
2020-08-12 21:02:14,366 INFO org.springframework.data.repository.config.RepositoryConfigurationDelegate [restartedMain] Finished Spring Data repository scanning in 45ms. Found 2 JPA repository interfaces.
2020-08-12 21:02:14,839 INFO org.springframework.boot.web.embedded.tomcat.TomcatWebServer [restartedMain] Tomcat initialized with port(s): 8080 (http)
2020-08-12 21:02:14,841 INFO org.apache.juli.logging.DirectJDKLog [restartedMain] Initializing ProtocolHandler ["http-nio-8080"]
2020-08-12 21:02:14,841 INFO org.apache.juli.logging.DirectJDKLog [restartedMain] Starting service [Tomcat]
2020-08-12 21:02:14,847 INFO org.apache.juli.logging.DirectJDKLog [restartedMain] Starting Servlet engine: [Apache Tomcat/9.0.36]
2020-08-12 21:02:14,931 INFO org.apache.juli.logging.DirectJDKLog [restartedMain] Initializing Spring embedded WebApplicationContext
2020-08-12 21:02:14,931 INFO org.springframework.boot.web.servlet.context.ServletWebServerApplicationContext [restartedMain] Root WebApplicationContext: initialization completed in 1375 ms
2020-08-12 21:02:15,079 INFO org.springframework.scheduling.concurrent.ExecutorConfigurationSupport [restartedMain] Initializing ExecutorService 'applicationTaskExecutor'
2020-08-12 21:02:15,081 INFO com.zaxxer.hikari.HikariDataSource [restartedMain] HikariPool-1 - Starting...
2020-08-12 21:02:15,205 INFO com.zaxxer.hikari.HikariDataSource [restartedMain] HikariPool-1 - Start completed.
2020-08-12 21:02:15,248 INFO org.hibernate.jpa.internal.util.LogHelper [task-1] HHH000204: Processing PersistenceUnitInfo [name: default]
2020-08-12 21:02:15,282 WARN org.springframework.boot.autoconfigure.orm.jpa.JpaBaseConfiguration$JpaWebConfiguration [restartedMain] spring.jpa.open-in-view is enabled by default. Therefore, database queries may be performed during view rendering. Explicitly configure spring.jpa.open-in-view to disable this warning
2020-08-12 21:02:15,291 INFO org.hibernate.Version [task-1] HHH000412: Hibernate ORM core version 5.4.17.Final
2020-08-12 21:02:15,502 INFO org.hibernate.annotations.common.reflection.java.JavaReflectionManager [task-1] HCANN000001: Hibernate Commons Annotations {5.1.0.Final}
2020-08-12 21:02:15,616 INFO org.springframework.boot.autoconfigure.web.servlet.WelcomePageHandlerMapping [restartedMain] Adding welcome page: class path resource [static/index.html]
2020-08-12 21:02:15,683 INFO org.hibernate.dialect.Dialect [task-1] HHH000400: Using dialect: org.hibernate.dialect.MySQL8Dialect
2020-08-12 21:02:15,898 INFO org.springframework.boot.devtools.autoconfigure.OptionalLiveReloadServer [restartedMain] LiveReload server is running on port 35729
2020-08-12 21:02:15,925 INFO org.apache.juli.logging.DirectJDKLog [restartedMain] Starting ProtocolHandler ["http-nio-8080"]
2020-08-12 21:02:15,965 INFO org.springframework.boot.web.embedded.tomcat.TomcatWebServer [restartedMain] Tomcat started on port(s): 8080 (http) with context path ''
2020-08-12 21:02:15,967 INFO org.springframework.data.repository.config.DeferredRepositoryInitializationListener [restartedMain] Triggering deferred initialization of Spring Data repositories…
2020-08-12 21:02:16,320 INFO org.hibernate.engine.transaction.jta.platform.internal.JtaPlatformInitiator [task-1] HHH000490: Using JtaPlatform implementation: [org.hibernate.engine.transaction.jta.platform.internal.NoJtaPlatform]
2020-08-12 21:02:16,330 INFO org.springframework.orm.jpa.AbstractEntityManagerFactoryBean [task-1] Initialized JPA EntityManagerFactory for persistence unit 'default'
2020-08-12 21:02:16,574 INFO org.springframework.data.repository.config.DeferredRepositoryInitializationListener [restartedMain] Spring Data repositories initialized!
2020-08-12 21:02:16,582 INFO org.springframework.boot.StartupInfoLogger [restartedMain] Started CourseApplication in 3.631 seconds (JVM running for 4.971)
2020-08-12 21:02:22,487 INFO org.apache.juli.logging.DirectJDKLog [http-nio-8080-exec-1] Initializing Spring DispatcherServlet 'dispatcherServlet'
2020-08-12 21:02:22,488 INFO org.springframework.web.servlet.FrameworkServlet [http-nio-8080-exec-1] Initializing Servlet 'dispatcherServlet'
2020-08-12 21:02:22,502 INFO org.springframework.web.servlet.FrameworkServlet [http-nio-8080-exec-1] Completed initialization in 14 ms
2020-08-12 21:02:22,576 INFO alex.ork.springboot.course.controller.WordController [http-nio-8080-exec-1] "/words/"
2020-08-12 21:02:22,576 INFO alex.ork.springboot.course.service.WordServiceImpl [http-nio-8080-exec-1] Find all words in DB ("wordRepository.findAll()")
2020-08-12 21:02:22,890 INFO alex.ork.springboot.course.controller.WordController [http-nio-8080-exec-1] Ready to return "vocabulary/words"
2020-08-12 21:02:26,837 INFO alex.ork.springboot.course.controller.GrammarController [http-nio-8080-exec-2] "/grammar/"
2020-08-12 21:02:26,837 INFO alex.ork.springboot.course.service.GrammarServiceImpl [http-nio-8080-exec-2] Find all grammar in DB ("grammarRepository.findAll()")
2020-08-12 21:02:26,894 INFO alex.ork.springboot.course.controller.GrammarController [http-nio-8080-exec-2] Ready to return "/grammar/grammar"
2020-08-12 21:03:27,002 INFO alex.ork.springboot.course.controller.GrammarController [http-nio-8080-exec-5] "/grammar/search"
2020-08-12 21:03:27,003 INFO alex.ork.springboot.course.service.GrammarServiceImpl [http-nio-8080-exec-5] Search a grammar "でしょう" in DB by jp or rus title ("grammarRepository.save(grammar)")
2020-08-12 21:03:27,072 INFO alex.ork.springboot.course.controller.GrammarController [http-nio-8080-exec-5] Ready to return "grammar/grammar"
2020-08-12 21:03:54,542 INFO alex.ork.springboot.course.controller.GrammarController [http-nio-8080-exec-7] "/grammar/"
2020-08-12 21:03:54,545 INFO alex.ork.springboot.course.service.GrammarServiceImpl [http-nio-8080-exec-7] Find all grammar in DB ("grammarRepository.findAll()")
2020-08-12 21:03:54,562 INFO alex.ork.springboot.course.controller.GrammarController [http-nio-8080-exec-7] Ready to return "/grammar/grammar"
2020-08-12 21:03:59,037 INFO alex.ork.springboot.course.controller.GrammarController [http-nio-8080-exec-9] "/grammar/showFormForUpdateGrammar"
2020-08-12 21:03:59,107 INFO alex.ork.springboot.course.controller.GrammarController [http-nio-8080-exec-9] Ready to return "grammar/grammar-form"
2020-08-12 21:06:10,201 INFO alex.ork.springboot.course.controller.WordController [http-nio-8080-exec-3] "/words/"
2020-08-12 21:06:10,202 INFO alex.ork.springboot.course.service.WordServiceImpl [http-nio-8080-exec-3] Find all words in DB ("wordRepository.findAll()")
2020-08-12 21:06:10,232 INFO alex.ork.springboot.course.controller.WordController [http-nio-8080-exec-3] Ready to return "vocabulary/words"
2020-08-12 21:06:15,878 INFO alex.ork.springboot.course.controller.GrammarController [http-nio-8080-exec-6] "/grammar/"
2020-08-12 21:06:15,879 INFO alex.ork.springboot.course.service.GrammarServiceImpl [http-nio-8080-exec-6] Find all grammar in DB ("grammarRepository.findAll()")
2020-08-12 21:06:15,903 INFO alex.ork.springboot.course.controller.GrammarController [http-nio-8080-exec-6] Ready to return "/grammar/grammar"
2020-08-12 21:06:22,843 INFO alex.ork.springboot.course.controller.WordController [http-nio-8080-exec-8] "/words/easy"
2020-08-12 21:06:22,843 INFO alex.ork.springboot.course.service.WordServiceImpl [http-nio-8080-exec-8] Find all words in DB depending on the "easy" level ("wordRepository.findAllByLevelContains(level)")
2020-08-12 21:06:22,853 INFO alex.ork.springboot.course.controller.WordController [http-nio-8080-exec-8] Ready to return "vocabulary/words"
2020-08-12 21:06:26,586 INFO alex.ork.springboot.course.controller.WordController [http-nio-8080-exec-10] "/words/showFormForUpdateWord"
2020-08-12 21:06:26,596 INFO alex.ork.springboot.course.controller.WordController [http-nio-8080-exec-10] Ready to return "vocabulary/word-form"
2020-08-12 21:06:30,062 INFO alex.ork.springboot.course.controller.WordController [http-nio-8080-exec-4] "/words/easy"
2020-08-12 21:06:30,064 INFO alex.ork.springboot.course.service.WordServiceImpl [http-nio-8080-exec-4] Find all words in DB depending on the "easy" level ("wordRepository.findAllByLevelContains(level)")
2020-08-12 21:06:30,081 INFO alex.ork.springboot.course.controller.WordController [http-nio-8080-exec-4] Ready to return "vocabulary/words"
2020-08-12 21:19:02,226 INFO alex.ork.springboot.course.controller.GrammarController [http-nio-8080-exec-5] "/grammar/"
2020-08-12 21:19:02,228 INFO alex.ork.springboot.course.service.GrammarServiceImpl [http-nio-8080-exec-5] Find all grammar in DB ("grammarRepository.findAll()")
2020-08-12 21:19:02,247 INFO alex.ork.springboot.course.controller.GrammarController [http-nio-8080-exec-5] Ready to return "/grammar/grammar"
2020-08-12 21:19:13,522 INFO alex.ork.springboot.course.controller.GrammarController [http-nio-8080-exec-7] "/grammar/"
2020-08-12 21:19:13,523 INFO alex.ork.springboot.course.service.GrammarServiceImpl [http-nio-8080-exec-7] Find all grammar in DB ("grammarRepository.findAll()")
2020-08-12 21:19:13,533 INFO alex.ork.springboot.course.controller.GrammarController [http-nio-8080-exec-7] Ready to return "/grammar/grammar"
2020-08-12 21:19:16,659 INFO alex.ork.springboot.course.controller.GrammarController [http-nio-8080-exec-9] "/grammar/showFormForAddWord"
2020-08-12 21:19:16,663 INFO alex.ork.springboot.course.controller.GrammarController [http-nio-8080-exec-9] Ready to return "grammar/grammar-form"
2020-08-12 21:19:36,410 INFO alex.ork.springboot.course.controller.GrammarController [http-nio-8080-exec-2] "/grammar/"
2020-08-12 21:19:36,411 INFO alex.ork.springboot.course.service.GrammarServiceImpl [http-nio-8080-exec-2] Find all grammar in DB ("grammarRepository.findAll()")
2020-08-12 21:19:36,419 INFO alex.ork.springboot.course.controller.GrammarController [http-nio-8080-exec-2] Ready to return "/grammar/grammar"
2020-08-12 21:22:05,973 INFO alex.ork.springboot.course.controller.WordController [http-nio-8080-exec-6] "/words/"
2020-08-12 21:22:05,974 INFO alex.ork.springboot.course.service.WordServiceImpl [http-nio-8080-exec-6] Find all words in DB ("wordRepository.findAll()")
2020-08-12 21:22:05,986 INFO alex.ork.springboot.course.controller.WordController [http-nio-8080-exec-6] Ready to return "vocabulary/words"
2020-08-12 21:27:21,110 INFO org.springframework.boot.StartupInfoLogger [restartedMain] Starting CourseApplication on DESKTOP-3UPQ2KB with PID 16436 (C:\Users\matia\Desktop\new\jr_course\target\classes started by matia in C:\Users\matia\Desktop\new\jr_course)
2020-08-12 21:27:21,114 INFO org.springframework.boot.SpringApplication [restartedMain] No active profile set, falling back to default profiles: default
2020-08-12 21:27:21,176 INFO org.springframework.boot.logging.DeferredLog [restartedMain] Devtools property defaults active! Set 'spring.devtools.add-properties' to 'false' to disable
2020-08-12 21:27:21,177 INFO org.springframework.boot.logging.DeferredLog [restartedMain] For additional web related logging consider setting the 'logging.level.web' property to 'DEBUG'
2020-08-12 21:27:22,304 INFO org.springframework.data.repository.config.RepositoryConfigurationDelegate [restartedMain] Bootstrapping Spring Data JPA repositories in DEFERRED mode.
2020-08-12 21:27:22,377 INFO org.springframework.data.repository.config.RepositoryConfigurationDelegate [restartedMain] Finished Spring Data repository scanning in 60ms. Found 2 JPA repository interfaces.
2020-08-12 21:27:23,098 INFO org.springframework.boot.web.embedded.tomcat.TomcatWebServer [restartedMain] Tomcat initialized with port(s): 8080 (http)
2020-08-12 21:27:23,104 INFO org.apache.juli.logging.DirectJDKLog [restartedMain] Initializing ProtocolHandler ["http-nio-8080"]
2020-08-12 21:27:23,104 INFO org.apache.juli.logging.DirectJDKLog [restartedMain] Starting service [Tomcat]
2020-08-12 21:27:23,109 INFO org.apache.juli.logging.DirectJDKLog [restartedMain] Starting Servlet engine: [Apache Tomcat/9.0.36]
2020-08-12 21:27:23,220 INFO org.apache.juli.logging.DirectJDKLog [restartedMain] Initializing Spring embedded WebApplicationContext
2020-08-12 21:27:23,220 INFO org.springframework.boot.web.servlet.context.ServletWebServerApplicationContext [restartedMain] Root WebApplicationContext: initialization completed in 2043 ms
2020-08-12 21:27:23,413 INFO org.springframework.scheduling.concurrent.ExecutorConfigurationSupport [restartedMain] Initializing ExecutorService 'applicationTaskExecutor'
2020-08-12 21:27:23,422 INFO com.zaxxer.hikari.HikariDataSource [restartedMain] HikariPool-1 - Starting...
2020-08-12 21:27:23,562 INFO com.zaxxer.hikari.HikariDataSource [restartedMain] HikariPool-1 - Start completed.
2020-08-12 21:27:23,608 INFO org.hibernate.jpa.internal.util.LogHelper [task-1] HHH000204: Processing PersistenceUnitInfo [name: default]
2020-08-12 21:27:23,641 WARN org.springframework.boot.autoconfigure.orm.jpa.JpaBaseConfiguration$JpaWebConfiguration [restartedMain] spring.jpa.open-in-view is enabled by default. Therefore, database queries may be performed during view rendering. Explicitly configure spring.jpa.open-in-view to disable this warning
2020-08-12 21:27:23,653 INFO org.hibernate.Version [task-1] HHH000412: Hibernate ORM core version 5.4.17.Final
2020-08-12 21:27:23,787 INFO org.hibernate.annotations.common.reflection.java.JavaReflectionManager [task-1] HCANN000001: Hibernate Commons Annotations {5.1.0.Final}
2020-08-12 21:27:23,857 INFO org.springframework.boot.autoconfigure.web.servlet.WelcomePageHandlerMapping [restartedMain] Adding welcome page: class path resource [static/index.html]
2020-08-12 21:27:23,914 INFO org.hibernate.dialect.Dialect [task-1] HHH000400: Using dialect: org.hibernate.dialect.MySQL8Dialect
2020-08-12 21:27:24,045 INFO org.springframework.boot.devtools.autoconfigure.OptionalLiveReloadServer [restartedMain] LiveReload server is running on port 35729
2020-08-12 21:27:24,075 INFO org.apache.juli.logging.DirectJDKLog [restartedMain] Starting ProtocolHandler ["http-nio-8080"]
2020-08-12 21:27:24,102 INFO org.springframework.boot.web.embedded.tomcat.TomcatWebServer [restartedMain] Tomcat started on port(s): 8080 (http) with context path ''
2020-08-12 21:27:24,105 INFO org.springframework.data.repository.config.DeferredRepositoryInitializationListener [restartedMain] Triggering deferred initialization of Spring Data repositories…
2020-08-12 21:27:24,467 INFO org.hibernate.engine.transaction.jta.platform.internal.JtaPlatformInitiator [task-1] HHH000490: Using JtaPlatform implementation: [org.hibernate.engine.transaction.jta.platform.internal.NoJtaPlatform]
2020-08-12 21:27:24,478 INFO org.springframework.orm.jpa.AbstractEntityManagerFactoryBean [task-1] Initialized JPA EntityManagerFactory for persistence unit 'default'
2020-08-12 21:27:24,806 INFO org.springframework.data.repository.config.DeferredRepositoryInitializationListener [restartedMain] Spring Data repositories initialized!
2020-08-12 21:27:24,822 INFO org.springframework.boot.StartupInfoLogger [restartedMain] Started CourseApplication in 4.439 seconds (JVM running for 6.313)
2020-08-12 21:27:37,346 INFO org.apache.juli.logging.DirectJDKLog [http-nio-8080-exec-1] Initializing Spring DispatcherServlet 'dispatcherServlet'
2020-08-12 21:27:37,348 INFO org.springframework.web.servlet.FrameworkServlet [http-nio-8080-exec-1] Initializing Servlet 'dispatcherServlet'
2020-08-12 21:27:37,363 INFO org.springframework.web.servlet.FrameworkServlet [http-nio-8080-exec-1] Completed initialization in 14 ms
2020-08-12 21:27:37,406 INFO alex.ork.springboot.course.controller.GrammarController [http-nio-8080-exec-1] "/grammar/"
2020-08-12 21:27:37,414 INFO alex.ork.springboot.course.service.GrammarServiceImpl [http-nio-8080-exec-1] Find all grammar in DB ("grammarRepository.findAll()")
2020-08-12 21:27:37,750 INFO alex.ork.springboot.course.controller.GrammarController [http-nio-8080-exec-1] Ready to return "/grammar/grammar"
2020-08-12 21:27:45,337 INFO alex.ork.springboot.course.controller.GrammarController [http-nio-8080-exec-3] "/grammar/n5"
2020-08-12 21:27:45,339 INFO alex.ork.springboot.course.service.GrammarServiceImpl [http-nio-8080-exec-3] Find all words in DB depending on the "5" jlptLvl ("grammarRepository.findAllByLevelContains(level)")
2020-08-12 21:27:45,375 INFO alex.ork.springboot.course.controller.GrammarController [http-nio-8080-exec-3] Ready to return "grammar/grammar"
2020-08-12 21:27:49,576 INFO alex.ork.springboot.course.controller.GrammarController [http-nio-8080-exec-6] "/grammar/showFormForUpdateGrammar"
2020-08-12 21:27:49,637 INFO alex.ork.springboot.course.controller.GrammarController [http-nio-8080-exec-6] Ready to return "grammar/grammar-form"
2020-08-12 21:27:52,521 INFO alex.ork.springboot.course.controller.GrammarController [http-nio-8080-exec-8] "/grammar/n5"
2020-08-12 21:27:52,522 INFO alex.ork.springboot.course.service.GrammarServiceImpl [http-nio-8080-exec-8] Find all words in DB depending on the "5" jlptLvl ("grammarRepository.findAllByLevelContains(level)")
2020-08-12 21:27:52,529 INFO alex.ork.springboot.course.controller.GrammarController [http-nio-8080-exec-8] Ready to return "grammar/grammar"
2020-08-12 21:29:00,942 INFO alex.ork.springboot.course.controller.WordController [http-nio-8080-exec-1] "/words/"
2020-08-12 21:29:00,945 INFO alex.ork.springboot.course.service.WordServiceImpl [http-nio-8080-exec-1] Find all words in DB ("wordRepository.findAll()")
2020-08-12 21:29:00,975 INFO alex.ork.springboot.course.controller.WordController [http-nio-8080-exec-1] Ready to return "vocabulary/words"
2020-08-12 21:29:04,183 INFO alex.ork.springboot.course.controller.WordController [http-nio-8080-exec-4] "/words/"
2020-08-12 21:29:04,185 INFO alex.ork.springboot.course.service.WordServiceImpl [http-nio-8080-exec-4] Find all words in DB ("wordRepository.findAll()")
2020-08-12 21:29:04,217 INFO alex.ork.springboot.course.controller.WordController [http-nio-8080-exec-4] Ready to return "vocabulary/words"
2020-08-12 21:31:47,256 INFO org.springframework.boot.StartupInfoLogger [restartedMain] Starting CourseApplication on DESKTOP-3UPQ2KB with PID 15664 (C:\Users\matia\Desktop\new\jr_course\target\classes started by matia in C:\Users\matia\Desktop\new\jr_course)
2020-08-12 21:31:47,262 INFO org.springframework.boot.SpringApplication [restartedMain] No active profile set, falling back to default profiles: default
2020-08-12 21:31:47,348 INFO org.springframework.boot.logging.DeferredLog [restartedMain] Devtools property defaults active! Set 'spring.devtools.add-properties' to 'false' to disable
2020-08-12 21:31:47,352 INFO org.springframework.boot.logging.DeferredLog [restartedMain] For additional web related logging consider setting the 'logging.level.web' property to 'DEBUG'
2020-08-12 21:31:48,503 INFO org.springframework.data.repository.config.RepositoryConfigurationDelegate [restartedMain] Bootstrapping Spring Data JPA repositories in DEFERRED mode.
2020-08-12 21:31:48,621 INFO org.springframework.data.repository.config.RepositoryConfigurationDelegate [restartedMain] Finished Spring Data repository scanning in 103ms. Found 2 JPA repository interfaces.
2020-08-12 21:31:49,431 INFO org.springframework.boot.web.embedded.tomcat.TomcatWebServer [restartedMain] Tomcat initialized with port(s): 8080 (http)
2020-08-12 21:31:49,435 INFO org.apache.juli.logging.DirectJDKLog [restartedMain] Initializing ProtocolHandler ["http-nio-8080"]
2020-08-12 21:31:49,439 INFO org.apache.juli.logging.DirectJDKLog [restartedMain] Starting service [Tomcat]
2020-08-12 21:31:49,439 INFO org.apache.juli.logging.DirectJDKLog [restartedMain] Starting Servlet engine: [Apache Tomcat/9.0.36]
2020-08-12 21:31:49,536 INFO org.apache.juli.logging.DirectJDKLog [restartedMain] Initializing Spring embedded WebApplicationContext
2020-08-12 21:31:49,536 INFO org.springframework.boot.web.servlet.context.ServletWebServerApplicationContext [restartedMain] Root WebApplicationContext: initialization completed in 2181 ms
2020-08-12 21:31:49,735 INFO org.springframework.scheduling.concurrent.ExecutorConfigurationSupport [restartedMain] Initializing ExecutorService 'applicationTaskExecutor'
2020-08-12 21:31:49,744 INFO com.zaxxer.hikari.HikariDataSource [restartedMain] HikariPool-1 - Starting...
2020-08-12 21:31:49,883 INFO com.zaxxer.hikari.HikariDataSource [restartedMain] HikariPool-1 - Start completed.
2020-08-12 21:31:49,925 INFO org.hibernate.jpa.internal.util.LogHelper [task-1] HHH000204: Processing PersistenceUnitInfo [name: default]
2020-08-12 21:31:49,964 WARN org.springframework.boot.autoconfigure.orm.jpa.JpaBaseConfiguration$JpaWebConfiguration [restartedMain] spring.jpa.open-in-view is enabled by default. Therefore, database queries may be performed during view rendering. Explicitly configure spring.jpa.open-in-view to disable this warning
2020-08-12 21:31:49,968 INFO org.hibernate.Version [task-1] HHH000412: Hibernate ORM core version 5.4.17.Final
2020-08-12 21:31:50,104 INFO org.hibernate.annotations.common.reflection.java.JavaReflectionManager [task-1] HCANN000001: Hibernate Commons Annotations {5.1.0.Final}
2020-08-12 21:31:50,177 INFO org.springframework.boot.autoconfigure.web.servlet.WelcomePageHandlerMapping [restartedMain] Adding welcome page: class path resource [static/index.html]
2020-08-12 21:31:50,226 INFO org.hibernate.dialect.Dialect [task-1] HHH000400: Using dialect: org.hibernate.dialect.MySQL8Dialect
2020-08-12 21:31:50,372 INFO org.springframework.boot.devtools.autoconfigure.OptionalLiveReloadServer [restartedMain] LiveReload server is running on port 35729
2020-08-12 21:31:50,394 INFO org.apache.juli.logging.DirectJDKLog [restartedMain] Starting ProtocolHandler ["http-nio-8080"]
2020-08-12 21:31:50,422 INFO org.springframework.boot.web.embedded.tomcat.TomcatWebServer [restartedMain] Tomcat started on port(s): 8080 (http) with context path ''
2020-08-12 21:31:50,425 INFO org.springframework.data.repository.config.DeferredRepositoryInitializationListener [restartedMain] Triggering deferred initialization of Spring Data repositories…
2020-08-12 21:31:50,804 INFO org.hibernate.engine.transaction.jta.platform.internal.JtaPlatformInitiator [task-1] HHH000490: Using JtaPlatform implementation: [org.hibernate.engine.transaction.jta.platform.internal.NoJtaPlatform]
2020-08-12 21:31:50,813 INFO org.springframework.orm.jpa.AbstractEntityManagerFactoryBean [task-1] Initialized JPA EntityManagerFactory for persistence unit 'default'
2020-08-12 21:31:51,080 INFO org.springframework.data.repository.config.DeferredRepositoryInitializationListener [restartedMain] Spring Data repositories initialized!
2020-08-12 21:31:51,095 INFO org.springframework.boot.StartupInfoLogger [restartedMain] Started CourseApplication in 4.525 seconds (JVM running for 6.09)
2020-08-12 21:31:55,675 INFO org.apache.juli.logging.DirectJDKLog [http-nio-8080-exec-1] Initializing Spring DispatcherServlet 'dispatcherServlet'
2020-08-12 21:31:55,675 INFO org.springframework.web.servlet.FrameworkServlet [http-nio-8080-exec-1] Initializing Servlet 'dispatcherServlet'
2020-08-12 21:31:55,698 INFO org.springframework.web.servlet.FrameworkServlet [http-nio-8080-exec-1] Completed initialization in 23 ms
2020-08-12 21:31:55,803 INFO alex.ork.springboot.course.controller.WordController [http-nio-8080-exec-1] "/words/"
2020-08-12 21:31:55,804 INFO alex.ork.springboot.course.service.WordServiceImpl [http-nio-8080-exec-1] Find all words in DB ("wordRepository.findAll()")
2020-08-12 21:31:56,125 INFO alex.ork.springboot.course.controller.WordController [http-nio-8080-exec-1] Ready to return "vocabulary/words"
2020-08-12 21:32:07,534 INFO alex.ork.springboot.course.controller.GrammarController [http-nio-8080-exec-3] "/grammar/n1"
2020-08-12 21:32:07,535 INFO alex.ork.springboot.course.service.GrammarServiceImpl [http-nio-8080-exec-3] Find all words in DB depending on the "1" jlptLvl ("grammarRepository.findAllByLevelContains(level)")
2020-08-12 21:32:07,564 INFO alex.ork.springboot.course.controller.GrammarController [http-nio-8080-exec-3] Ready to return "grammar/grammar"
2020-08-12 21:32:10,940 INFO alex.ork.springboot.course.controller.GrammarController [http-nio-8080-exec-6] "/grammar/n2"
2020-08-12 21:32:10,943 INFO alex.ork.springboot.course.service.GrammarServiceImpl [http-nio-8080-exec-6] Find all words in DB depending on the "2" jlptLvl ("grammarRepository.findAllByLevelContains(level)")
2020-08-12 21:32:10,954 INFO alex.ork.springboot.course.controller.GrammarController [http-nio-8080-exec-6] Ready to return "grammar/grammar"
2020-08-12 21:32:14,957 INFO alex.ork.springboot.course.controller.GrammarController [http-nio-8080-exec-8] "/grammar/n3"
2020-08-12 21:32:14,959 INFO alex.ork.springboot.course.service.GrammarServiceImpl [http-nio-8080-exec-8] Find all words in DB depending on the "3" jlptLvl ("grammarRepository.findAllByLevelContains(level)")
2020-08-12 21:32:14,983 INFO alex.ork.springboot.course.controller.GrammarController [http-nio-8080-exec-8] Ready to return "grammar/grammar"
2020-08-12 21:32:17,260 INFO alex.ork.springboot.course.controller.GrammarController [http-nio-8080-exec-1] "/grammar/n4"
2020-08-12 21:32:17,263 INFO alex.ork.springboot.course.service.GrammarServiceImpl [http-nio-8080-exec-1] Find all words in DB depending on the "4" jlptLvl ("grammarRepository.findAllByLevelContains(level)")
2020-08-12 21:32:17,269 INFO alex.ork.springboot.course.controller.GrammarController [http-nio-8080-exec-1] Ready to return "grammar/grammar"
2020-08-12 21:32:20,652 INFO alex.ork.springboot.course.controller.GrammarController [http-nio-8080-exec-4] "/grammar/n5"
2020-08-12 21:32:20,653 INFO alex.ork.springboot.course.service.GrammarServiceImpl [http-nio-8080-exec-4] Find all words in DB depending on the "5" jlptLvl ("grammarRepository.findAllByLevelContains(level)")
2020-08-12 21:32:20,658 INFO alex.ork.springboot.course.controller.GrammarController [http-nio-8080-exec-4] Ready to return "grammar/grammar"
2020-08-12 21:32:23,789 INFO alex.ork.springboot.course.controller.GrammarController [http-nio-8080-exec-5] "/grammar/"
2020-08-12 21:32:23,791 INFO alex.ork.springboot.course.service.GrammarServiceImpl [http-nio-8080-exec-5] Find all grammar in DB ("grammarRepository.findAll()")
2020-08-12 21:32:23,816 INFO alex.ork.springboot.course.controller.GrammarController [http-nio-8080-exec-5] Ready to return "/grammar/grammar"
2020-08-12 21:32:25,449 INFO alex.ork.springboot.course.controller.GrammarController [http-nio-8080-exec-7] "/grammar/"
2020-08-12 21:32:25,451 INFO alex.ork.springboot.course.service.GrammarServiceImpl [http-nio-8080-exec-7] Find all grammar in DB ("grammarRepository.findAll()")
2020-08-12 21:32:25,462 INFO alex.ork.springboot.course.controller.GrammarController [http-nio-8080-exec-7] Ready to return "/grammar/grammar"
2020-08-12 21:32:27,580 INFO alex.ork.springboot.course.controller.GrammarController [http-nio-8080-exec-10] "/grammar/n2"
2020-08-12 21:32:27,582 INFO alex.ork.springboot.course.service.GrammarServiceImpl [http-nio-8080-exec-10] Find all words in DB depending on the "2" jlptLvl ("grammarRepository.findAllByLevelContains(level)")
2020-08-12 21:32:27,594 INFO alex.ork.springboot.course.controller.GrammarController [http-nio-8080-exec-10] Ready to return "grammar/grammar"
2020-08-12 21:32:31,038 INFO alex.ork.springboot.course.controller.GrammarController [http-nio-8080-exec-2] "/grammar/showFormForAddWord"
2020-08-12 21:32:31,038 INFO alex.ork.springboot.course.controller.GrammarController [http-nio-8080-exec-2] Ready to return "grammar/grammar-form"
2020-08-12 21:32:33,910 INFO alex.ork.springboot.course.controller.GrammarController [http-nio-8080-exec-3] "/grammar/n2"
2020-08-12 21:32:33,911 INFO alex.ork.springboot.course.service.GrammarServiceImpl [http-nio-8080-exec-3] Find all words in DB depending on the "2" jlptLvl ("grammarRepository.findAllByLevelContains(level)")
2020-08-12 21:32:33,922 INFO alex.ork.springboot.course.controller.GrammarController [http-nio-8080-exec-3] Ready to return "grammar/grammar"
2020-08-12 21:32:36,466 INFO alex.ork.springboot.course.controller.GrammarController [http-nio-8080-exec-7] "/grammar/n3"
2020-08-12 21:32:36,467 INFO alex.ork.springboot.course.service.GrammarServiceImpl [http-nio-8080-exec-7] Find all words in DB depending on the "3" jlptLvl ("grammarRepository.findAllByLevelContains(level)")
2020-08-12 21:32:36,477 INFO alex.ork.springboot.course.controller.GrammarController [http-nio-8080-exec-7] Ready to return "grammar/grammar"
2020-08-12 21:32:38,925 INFO alex.ork.springboot.course.controller.GrammarController [http-nio-8080-exec-9] "/grammar/showFormForUpdateGrammar"
2020-08-12 21:32:38,972 INFO alex.ork.springboot.course.controller.GrammarController [http-nio-8080-exec-9] Ready to return "grammar/grammar-form"
2020-08-12 21:32:42,082 INFO alex.ork.springboot.course.controller.GrammarController [http-nio-8080-exec-1] "/grammar/n3"
2020-08-12 21:32:42,084 INFO alex.ork.springboot.course.service.GrammarServiceImpl [http-nio-8080-exec-1] Find all words in DB depending on the "3" jlptLvl ("grammarRepository.findAllByLevelContains(level)")
2020-08-12 21:32:42,095 INFO alex.ork.springboot.course.controller.GrammarController [http-nio-8080-exec-1] Ready to return "grammar/grammar"
2020-08-12 21:32:46,249 INFO alex.ork.springboot.course.controller.GrammarController [http-nio-8080-exec-4] "/grammar/"
2020-08-12 21:32:46,250 INFO alex.ork.springboot.course.service.GrammarServiceImpl [http-nio-8080-exec-4] Find all grammar in DB ("grammarRepository.findAll()")
2020-08-12 21:32:46,259 INFO alex.ork.springboot.course.controller.GrammarController [http-nio-8080-exec-4] Ready to return "/grammar/grammar"
2020-08-12 21:32:50,766 INFO alex.ork.springboot.course.controller.GrammarController [http-nio-8080-exec-6] "/grammar/search"
2020-08-12 21:32:50,768 INFO alex.ork.springboot.course.service.GrammarServiceImpl [http-nio-8080-exec-6] Search a grammar "でしょう" in DB by jp or rus title ("grammarRepository.save(grammar)")
2020-08-12 21:32:50,790 INFO alex.ork.springboot.course.controller.GrammarController [http-nio-8080-exec-6] Ready to return "grammar/grammar"
2020-08-12 21:32:53,994 INFO alex.ork.springboot.course.controller.GrammarController [http-nio-8080-exec-8] "/grammar/"
2020-08-12 21:32:53,996 INFO alex.ork.springboot.course.service.GrammarServiceImpl [http-nio-8080-exec-8] Find all grammar in DB ("grammarRepository.findAll()")
2020-08-12 21:32:54,006 INFO alex.ork.springboot.course.controller.GrammarController [http-nio-8080-exec-8] Ready to return "/grammar/grammar"
2020-08-12 21:32:56,965 INFO alex.ork.springboot.course.controller.GrammarController [http-nio-8080-exec-1] "/grammar/n2"
2020-08-12 21:32:56,966 INFO alex.ork.springboot.course.service.GrammarServiceImpl [http-nio-8080-exec-1] Find all words in DB depending on the "2" jlptLvl ("grammarRepository.findAllByLevelContains(level)")
2020-08-12 21:32:56,971 INFO alex.ork.springboot.course.controller.GrammarController [http-nio-8080-exec-1] Ready to return "grammar/grammar"
2020-08-12 21:33:15,591 INFO alex.ork.springboot.course.controller.WordController [http-nio-8080-exec-6] "/words/easy"
2020-08-12 21:33:15,593 INFO alex.ork.springboot.course.service.WordServiceImpl [http-nio-8080-exec-6] Find all words in DB depending on the "easy" level ("wordRepository.findAllByLevelContains(level)")
2020-08-12 21:33:15,613 INFO alex.ork.springboot.course.controller.WordController [http-nio-8080-exec-6] Ready to return "vocabulary/words"
2020-08-12 21:33:22,941 INFO alex.ork.springboot.course.controller.WordController [http-nio-8080-exec-9] "/words/search/easy"
2020-08-12 21:33:22,943 INFO alex.ork.springboot.course.service.WordServiceImpl [http-nio-8080-exec-9] Search a word "意" in DB by jp or rus title ("wordRepository.save(word)")
2020-08-12 21:33:22,955 INFO alex.ork.springboot.course.controller.WordController [http-nio-8080-exec-9] words = null
2020-08-12 21:33:22,955 INFO alex.ork.springboot.course.controller.WordController [http-nio-8080-exec-9] Ready to return "vocabulary/words"
2020-08-12 21:33:31,427 INFO alex.ork.springboot.course.controller.GrammarController [http-nio-8080-exec-1] "/grammar/n2"
2020-08-12 21:33:31,428 INFO alex.ork.springboot.course.service.GrammarServiceImpl [http-nio-8080-exec-1] Find all words in DB depending on the "2" jlptLvl ("grammarRepository.findAllByLevelContains(level)")
2020-08-12 21:33:31,436 INFO alex.ork.springboot.course.controller.GrammarController [http-nio-8080-exec-1] Ready to return "grammar/grammar"
2020-08-12 21:33:47,147 INFO alex.ork.springboot.course.controller.WordController [http-nio-8080-exec-6] "/words/easy"
2020-08-12 21:33:47,148 INFO alex.ork.springboot.course.service.WordServiceImpl [http-nio-8080-exec-6] Find all words in DB depending on the "easy" level ("wordRepository.findAllByLevelContains(level)")
2020-08-12 21:33:47,155 INFO alex.ork.springboot.course.controller.WordController [http-nio-8080-exec-6] Ready to return "vocabulary/words"
2020-08-12 21:33:50,216 INFO alex.ork.springboot.course.controller.WordController [http-nio-8080-exec-8] "/words/search/easy"
2020-08-12 21:33:50,217 INFO alex.ork.springboot.course.service.WordServiceImpl [http-nio-8080-exec-8] Search a word "意" in DB by jp or rus title ("wordRepository.save(word)")
2020-08-12 21:33:50,223 INFO alex.ork.springboot.course.controller.WordController [http-nio-8080-exec-8] words = null
2020-08-12 21:33:50,225 INFO alex.ork.springboot.course.controller.WordController [http-nio-8080-exec-8] Ready to return "vocabulary/words"
2020-08-12 21:34:04,160 INFO alex.ork.springboot.course.controller.GrammarController [http-nio-8080-exec-1] "/grammar/"
2020-08-12 21:34:04,161 INFO alex.ork.springboot.course.service.GrammarServiceImpl [http-nio-8080-exec-1] Find all grammar in DB ("grammarRepository.findAll()")
2020-08-12 21:34:04,172 INFO alex.ork.springboot.course.controller.GrammarController [http-nio-8080-exec-1] Ready to return "/grammar/grammar"
2020-08-12 21:34:09,993 INFO alex.ork.springboot.course.controller.GrammarController [http-nio-8080-exec-4] "/grammar/search"
2020-08-12 21:34:09,995 INFO alex.ork.springboot.course.service.GrammarServiceImpl [http-nio-8080-exec-4] Search a grammar "でしょう" in DB by jp or rus title ("grammarRepository.save(grammar)")
2020-08-12 21:34:10,009 INFO alex.ork.springboot.course.controller.GrammarController [http-nio-8080-exec-4] Ready to return "grammar/grammar"
2020-08-12 23:59:54,561 INFO alex.ork.springboot.course.controller.WordController [http-nio-8080-exec-6] "/words/"
2020-08-12 23:59:54,569 INFO alex.ork.springboot.course.service.WordServiceImpl [http-nio-8080-exec-6] Find all words in DB ("wordRepository.findAll()")
2020-08-12 23:59:54,608 INFO alex.ork.springboot.course.controller.WordController [http-nio-8080-exec-6] Ready to return "vocabulary/words"
2020-08-12 23:59:56,818 INFO alex.ork.springboot.course.controller.WordController [http-nio-8080-exec-8] "/words/easy"
2020-08-12 23:59:56,820 INFO alex.ork.springboot.course.service.WordServiceImpl [http-nio-8080-exec-8] Find all words in DB depending on the "easy" level ("wordRepository.findAllByLevelContains(level)")
2020-08-12 23:59:56,836 INFO alex.ork.springboot.course.controller.WordController [http-nio-8080-exec-8] Ready to return "vocabulary/words"
