2020-08-14 00:04:17,383 WARN com.zaxxer.hikari.pool.HikariPool$HouseKeeper [HikariPool-1 housekeeper] HikariPool-1 - Thread starvation or clock leap detected (housekeeper delta=4m20s739ms579µs800ns).
2020-08-14 01:07:34,010 INFO org.springframework.boot.StartupInfoLogger [restartedMain] Starting CourseApplication on DESKTOP-3UPQ2KB with PID 14224 (C:\Users\matia\Desktop\new\jr_course\target\classes started by matia in C:\Users\matia\Desktop\new\jr_course)
2020-08-14 01:07:34,014 INFO org.springframework.boot.SpringApplication [restartedMain] No active profile set, falling back to default profiles: default
2020-08-14 01:07:34,075 INFO org.springframework.boot.logging.DeferredLog [restartedMain] Devtools property defaults active! Set 'spring.devtools.add-properties' to 'false' to disable
2020-08-14 01:07:34,076 INFO org.springframework.boot.logging.DeferredLog [restartedMain] For additional web related logging consider setting the 'logging.level.web' property to 'DEBUG'
2020-08-14 01:07:34,986 INFO org.springframework.data.repository.config.RepositoryConfigurationDelegate [restartedMain] Bootstrapping Spring Data JPA repositories in DEFERRED mode.
2020-08-14 01:07:35,060 INFO org.springframework.data.repository.config.RepositoryConfigurationDelegate [restartedMain] Finished Spring Data repository scanning in 65ms. Found 2 JPA repository interfaces.
2020-08-14 01:07:35,709 INFO org.springframework.boot.web.embedded.tomcat.TomcatWebServer [restartedMain] Tomcat initialized with port(s): 8080 (http)
2020-08-14 01:07:35,715 INFO org.apache.juli.logging.DirectJDKLog [restartedMain] Initializing ProtocolHandler ["http-nio-8080"]
2020-08-14 01:07:35,722 INFO org.apache.juli.logging.DirectJDKLog [restartedMain] Starting service [Tomcat]
2020-08-14 01:07:35,722 INFO org.apache.juli.logging.DirectJDKLog [restartedMain] Starting Servlet engine: [Apache Tomcat/9.0.36]
2020-08-14 01:07:35,848 INFO org.apache.juli.logging.DirectJDKLog [restartedMain] Initializing Spring embedded WebApplicationContext
2020-08-14 01:07:35,851 INFO org.springframework.boot.web.servlet.context.ServletWebServerApplicationContext [restartedMain] Root WebApplicationContext: initialization completed in 1775 ms
2020-08-14 01:07:36,050 INFO org.springframework.scheduling.concurrent.ExecutorConfigurationSupport [restartedMain] Initializing ExecutorService 'applicationTaskExecutor'
2020-08-14 01:07:36,059 INFO com.zaxxer.hikari.HikariDataSource [restartedMain] HikariPool-1 - Starting...
2020-08-14 01:07:36,277 INFO com.zaxxer.hikari.HikariDataSource [restartedMain] HikariPool-1 - Start completed.
2020-08-14 01:07:36,335 INFO org.hibernate.jpa.internal.util.LogHelper [task-1] HHH000204: Processing PersistenceUnitInfo [name: default]
2020-08-14 01:07:36,361 WARN org.springframework.boot.autoconfigure.orm.jpa.JpaBaseConfiguration$JpaWebConfiguration [restartedMain] spring.jpa.open-in-view is enabled by default. Therefore, database queries may be performed during view rendering. Explicitly configure spring.jpa.open-in-view to disable this warning
2020-08-14 01:07:36,395 INFO org.hibernate.Version [task-1] HHH000412: Hibernate ORM core version 5.4.17.Final
2020-08-14 01:07:36,448 WARN org.springframework.security.core.userdetails.User [restartedMain] User.withDefaultPasswordEncoder() is considered unsafe for production and is only intended for sample applications.
2020-08-14 01:07:36,553 INFO org.hibernate.annotations.common.reflection.java.JavaReflectionManager [task-1] HCANN000001: Hibernate Commons Annotations {5.1.0.Final}
2020-08-14 01:07:36,679 INFO org.hibernate.dialect.Dialect [task-1] HHH000400: Using dialect: org.hibernate.dialect.MySQL8Dialect
2020-08-14 01:07:36,906 INFO org.springframework.security.web.DefaultSecurityFilterChain [restartedMain] Creating filter chain: any request, [org.springframework.security.web.context.request.async.WebAsyncManagerIntegrationFilter@49faf035, org.springframework.security.web.context.SecurityContextPersistenceFilter@527bd159, org.springframework.security.web.header.HeaderWriterFilter@3e16869e, org.springframework.security.web.csrf.CsrfFilter@59ed67fd, org.springframework.security.web.authentication.logout.LogoutFilter@54967af1, org.springframework.security.web.authentication.UsernamePasswordAuthenticationFilter@28483c2e, org.springframework.security.web.authentication.ui.DefaultLoginPageGeneratingFilter@656b0c64, org.springframework.security.web.authentication.ui.DefaultLogoutPageGeneratingFilter@24fcf839, org.springframework.security.web.authentication.www.BasicAuthenticationFilter@7833a7fd, org.springframework.security.web.savedrequest.RequestCacheAwareFilter@49d78d82, org.springframework.security.web.servletapi.SecurityContextHolderAwareRequestFilter@d938c29, org.springframework.security.web.authentication.AnonymousAuthenticationFilter@6a623a18, org.springframework.security.web.session.SessionManagementFilter@264303ed, org.springframework.security.web.access.ExceptionTranslationFilter@5933dff3, org.springframework.security.web.access.intercept.FilterSecurityInterceptor@3f97373f]
2020-08-14 01:07:37,124 INFO org.springframework.boot.autoconfigure.web.servlet.WelcomePageHandlerMapping [restartedMain] Adding welcome page: class path resource [static/index.html]
2020-08-14 01:07:37,360 INFO org.springframework.boot.devtools.autoconfigure.OptionalLiveReloadServer [restartedMain] LiveReload server is running on port 35729
2020-08-14 01:07:37,392 INFO org.apache.juli.logging.DirectJDKLog [restartedMain] Starting ProtocolHandler ["http-nio-8080"]
2020-08-14 01:07:37,405 INFO org.hibernate.engine.transaction.jta.platform.internal.JtaPlatformInitiator [task-1] HHH000490: Using JtaPlatform implementation: [org.hibernate.engine.transaction.jta.platform.internal.NoJtaPlatform]
2020-08-14 01:07:37,417 INFO org.springframework.orm.jpa.AbstractEntityManagerFactoryBean [task-1] Initialized JPA EntityManagerFactory for persistence unit 'default'
2020-08-14 01:07:37,421 INFO org.springframework.boot.web.embedded.tomcat.TomcatWebServer [restartedMain] Tomcat started on port(s): 8080 (http) with context path ''
2020-08-14 01:07:37,426 INFO org.springframework.data.repository.config.DeferredRepositoryInitializationListener [restartedMain] Triggering deferred initialization of Spring Data repositories…
2020-08-14 01:07:37,763 INFO org.springframework.data.repository.config.DeferredRepositoryInitializationListener [restartedMain] Spring Data repositories initialized!
2020-08-14 01:07:37,772 INFO org.springframework.boot.StartupInfoLogger [restartedMain] Started CourseApplication in 4.406 seconds (JVM running for 5.917)
2020-08-14 01:07:50,888 INFO org.apache.juli.logging.DirectJDKLog [http-nio-8080-exec-1] Initializing Spring DispatcherServlet 'dispatcherServlet'
2020-08-14 01:07:50,888 INFO org.springframework.web.servlet.FrameworkServlet [http-nio-8080-exec-1] Initializing Servlet 'dispatcherServlet'
2020-08-14 01:07:50,909 INFO org.springframework.web.servlet.FrameworkServlet [http-nio-8080-exec-1] Completed initialization in 17 ms
2020-08-14 01:07:51,602 WARN org.apache.juli.logging.DirectJDKLog [http-nio-8080-exec-1] Creation of SecureRandom instance for session ID generation using [SHA1PRNG] took [601] milliseconds.
2020-08-14 01:08:05,534 INFO alex.ork.springboot.course.controller.GrammarController [http-nio-8080-exec-5] "/grammar/n4"
2020-08-14 01:08:05,540 INFO alex.ork.springboot.course.service.GrammarServiceImpl [http-nio-8080-exec-5] Find all words in DB depending on the "4" jlptLvl ("grammarRepository.findAllByLevelContains(level)")
2020-08-14 01:08:05,933 INFO alex.ork.springboot.course.controller.GrammarController [http-nio-8080-exec-5] Ready to return "grammar/grammar"
2020-08-14 01:08:22,686 INFO alex.ork.springboot.course.controller.WordController [http-nio-8080-exec-7] "/words/"
2020-08-14 01:08:22,686 INFO alex.ork.springboot.course.service.WordServiceImpl [http-nio-8080-exec-7] Find all words in DB ("wordRepository.findAll()")
2020-08-14 01:08:22,793 INFO alex.ork.springboot.course.controller.WordController [http-nio-8080-exec-7] Ready to return "vocabulary/words"
2020-08-14 01:08:26,514 INFO alex.ork.springboot.course.controller.WordController [http-nio-8080-exec-10] "/words/"
2020-08-14 01:08:26,514 INFO alex.ork.springboot.course.service.WordServiceImpl [http-nio-8080-exec-10] Find all words in DB ("wordRepository.findAll()")
2020-08-14 01:08:26,525 INFO alex.ork.springboot.course.controller.WordController [http-nio-8080-exec-10] Ready to return "vocabulary/words"
2020-08-14 01:13:36,143 WARN com.zaxxer.hikari.pool.HikariPool$HouseKeeper [HikariPool-1 housekeeper] HikariPool-1 - Thread starvation or clock leap detected (housekeeper delta=3m59s760ms4µs).
2020-08-14 01:32:38,298 WARN com.zaxxer.hikari.pool.HikariPool$HouseKeeper [HikariPool-1 housekeeper] HikariPool-1 - Thread starvation or clock leap detected (housekeeper delta=4m32s126ms46µs).
2020-08-14 04:33:08,549 WARN com.zaxxer.hikari.pool.HikariPool$HouseKeeper [HikariPool-1 housekeeper] HikariPool-1 - Thread starvation or clock leap detected (housekeeper delta=3h30s265ms51µs100ns).
2020-08-14 11:49:49,321 WARN com.zaxxer.hikari.pool.HikariPool$HouseKeeper [HikariPool-1 housekeeper] HikariPool-1 - Thread starvation or clock leap detected (housekeeper delta=7h16m46s235ms902µs400ns).
